<?xml version="1.0" encoding="UTF-8"?>
<!-- Generated by org.testng.reporters.JUnitXMLReporter -->
<testsuite hostname="DESKTOP-IOAPG3G" ignored="0" tests="2" failures="0" timestamp="08 Dec 2020 15:26:20 GMT" time="0.024" errors="0">
  <testcase name="@BeforeClass setUpTweetAPI" time="0.011" classname="TweetAPITest">
    <failure type="java.lang.NullPointerException">
      <![CDATA[java.lang.NullPointerException
at base.TwitterAPIClient.<init>(TwitterAPIClient.java:36)
at tweets.TweetAPIClient.<init>(TweetAPIClient.java:12)
at TweetAPITest.setUpTweetAPI(TweetAPITest.java:16)
... Removed 35 stack frames]]>
    </failure>
  </testcase> <!-- @BeforeClass setUpTweetAPI -->
  <testcase name="testUserCanTweetSuccessfully" time="0.0" classname="TweetAPITest">
    <skipped/>
  </testcase> <!-- testUserCanTweetSuccessfully -->
  <testcase name="testUserCannotTweetTheSameTweetTwiceInARow" time="0.0" classname="TweetAPITest">
    <skipped/>
  </testcase> <!-- testUserCannotTweetTheSameTweetTwiceInARow -->
</testsuite>
